<?xml version="1.0" encoding="UTF-8"?>
<testsuite name="rifai.AppTest" tests="1" skipped="0" failures="0" errors="0" timestamp="2021-05-06T12:58:23" hostname="DESKTOP-U59GIO8" time="0.006">
  <properties/>
  <testcase name="testAppHasAGreeting" classname="rifai.AppTest" time="0.006"/>
  <system-out><![CDATA[]]></system-out>
  <system-err><![CDATA[]]></system-err>
</testsuite>
