<?xml version="1.0" encoding="UTF-8"?>
<testsuite name="hotelproject.AppTest" tests="1" skipped="0" failures="0" errors="0" timestamp="2021-03-31T12:54:04" hostname="LAPTOP-H75QDJBS" time="0.044">
  <properties/>
  <testcase name="testAppHasAGreeting" classname="hotelproject.AppTest" time="0.044"/>
  <system-out><![CDATA[]]></system-out>
  <system-err><![CDATA[]]></system-err>
</testsuite>
